#
# There is insufficient memory for the Java Runtime Environment to continue.
# Native memory allocation (malloc) failed to allocate 131088 bytes for Chunk::new
# Possible reasons:
#   The system is out of physical RAM or swap space
#   The process is running with CompressedOops enabled, and the Java Heap may be blocking the growth of the native heap
# Possible solutions:
#   Reduce memory load on the system
#   Increase physical memory or swap space
#   Check if swap backing store is full
#   Decrease Java heap size (-Xmx/-Xms)
#   Decrease number of Java threads
#   Decrease Java thread stack sizes (-Xss)
#   Set larger code cache with -XX:ReservedCodeCacheSize=
#   JVM is running with Unscaled Compressed Oops mode in which the Java heap is
#     placed in the first 4GB address space. The Java Heap base address is the
#     maximum limit for the native heap growth. Please use -XX:HeapBaseMinAddress
#     to set the Java Heap base and to place the Java Heap above 4GB virtual address.
# This output file may be truncated or incomplete.
#
#  Out of Memory Error (allocation.cpp:389), pid=9512, tid=0x00000000000007ac
#
# JRE version: OpenJDK Runtime Environment (8.0_202-b03) (build 1.8.0_202-release-1483-b03)
# Java VM: OpenJDK 64-Bit Server VM (25.202-b03 mixed mode windows-amd64 compressed oops)
# Failed to write core dump. Minidumps are not enabled by default on client versions of Windows
#

---------------  T H R E A D  ---------------

Current thread (0x0000000018501000):  JavaThread "C2 CompilerThread1" daemon [_thread_in_native, id=1964, stack(0x0000000019c80000,0x0000000019d80000)]

Stack: [0x0000000019c80000,0x0000000019d80000]
[error occurred during error reporting (printing stack bounds), id 0xc0000005]

Native frames: (J=compiled Java code, j=interpreted, Vv=VM code, C=native code)


Current CompileTask:
C2: 604962 13412       4       com.android.tools.r8.graph.DexType::a (24 bytes)


---------------  P R O C E S S  ---------------

Java Threads: ( => current thread )
  0x000000001c73d000 JavaThread "WorkerExecutor Queue Thread 17" [_thread_blocked, id=7632, stack(0x000000002b040000,0x000000002b140000)]
  0x000000001c73d800 JavaThread "WorkerExecutor Queue Thread 16" [_thread_in_Java, id=9248, stack(0x000000002af40000,0x000000002b040000)]
  0x000000001c73c000 JavaThread "WorkerExecutor Queue Thread 15" [_thread_in_Java, id=11624, stack(0x000000002ae40000,0x000000002af40000)]
  0x000000001c736000 JavaThread "WorkerExecutor Queue Thread 14" [_thread_in_vm, id=16552, stack(0x000000002aa40000,0x000000002ab40000)]
  0x000000001c73b800 JavaThread "WorkerExecutor Queue Thread 13" [_thread_in_native, id=4260, stack(0x0000000029270000,0x0000000029370000)]
  0x000000001c73a800 JavaThread "WorkerExecutor Queue Thread 12" [_thread_in_Java, id=16780, stack(0x0000000029820000,0x0000000029920000)]
  0x000000001c731800 JavaThread "Cache worker for Java compile cache (C:\Users\Luis Angel\Documents\AndroidStudioProjects\EjemploRest\.gradle\5.4.1\javaCompile)" [_thread_blocked, id=13988, stack(0x0000000028e70000,0x0000000028f70000)]
  0x000000001c735800 JavaThread "Cache worker for Java compile cache (C:\Users\Luis Angel\.gradle\caches\5.4.1\javaCompile)" [_thread_blocked, id=10472, stack(0x0000000028b70000,0x0000000028c70000)]
  0x000000001c732800 JavaThread "WorkerExecutor Queue Thread 11" [_thread_blocked, id=3668, stack(0x000000002ab40000,0x000000002ac40000)]
  0x000000001c734800 JavaThread "stdout" [_thread_in_native, id=11376, stack(0x000000002a740000,0x000000002a840000)]
  0x000000001c738800 JavaThread "stderr" [_thread_in_native, id=14396, stack(0x000000002a640000,0x000000002a740000)]
  0x000000001c734000 JavaThread "stdout" [_thread_in_native, id=8292, stack(0x000000002a540000,0x000000002a640000)]
  0x000000001c737000 JavaThread "stderr" [_thread_in_native, id=1192, stack(0x000000002a440000,0x000000002a540000)]
  0x000000001c731000 JavaThread "stdout" [_thread_in_native, id=7912, stack(0x000000002a340000,0x000000002a440000)]
  0x000000001c737800 JavaThread "stderr" [_thread_in_native, id=13288, stack(0x000000002a240000,0x000000002a340000)]
  0x000000001b099800 JavaThread "stdout" [_thread_in_native, id=11772, stack(0x000000002a140000,0x000000002a240000)]
  0x000000001c2c3000 JavaThread "stderr" [_thread_in_native, id=7200, stack(0x000000002a040000,0x000000002a140000)]
  0x000000001c2c2800 JavaThread "stdout" [_thread_in_native, id=13448, stack(0x0000000029f40000,0x000000002a040000)]
  0x000000001c2c1000 JavaThread "stderr" [_thread_in_native, id=11160, stack(0x0000000029e40000,0x0000000029f40000)]
  0x000000001c2c7000 JavaThread "stdout" [_thread_in_native, id=16064, stack(0x0000000029d40000,0x0000000029e40000)]
  0x000000001c2c4800 JavaThread "stderr" [_thread_in_native, id=13068, stack(0x0000000029c40000,0x0000000029d40000)]
  0x000000001c2c4000 JavaThread "stdout" [_thread_in_native, id=12196, stack(0x0000000029b40000,0x0000000029c40000)]
  0x000000001c2c1800 JavaThread "stderr" [_thread_in_native, id=9548, stack(0x0000000029a40000,0x0000000029b40000)]
  0x000000001c2c0000 JavaThread "stdout" [_thread_in_native, id=1204, stack(0x0000000029720000,0x0000000029820000)]
  0x000000001c2bf800 JavaThread "stderr" [_thread_in_native, id=9632, stack(0x0000000028f70000,0x0000000029070000)]
  0x000000001c2c6000 JavaThread "WorkerExecutor Queue Thread 9" [_thread_in_native, id=10400, stack(0x0000000029940000,0x0000000029a40000)]
  0x000000001c2bb000 JavaThread "pool-4-thread-1" [_thread_blocked, id=17356, stack(0x0000000029420000,0x0000000029520000)]
  0x000000001c2be800 JavaThread "Cache worker for execution history cache (C:\Users\Luis Angel\Documents\AndroidStudioProjects\EjemploRest\.gradle\5.4.1\executionHistory)" [_thread_blocked, id=10524, stack(0x0000000028260000,0x0000000028360000)]
  0x000000002182d800 JavaThread "Execution worker for ':' Thread 11" [_thread_blocked, id=14224, stack(0x0000000028a70000,0x0000000028b70000)]
  0x000000002182b000 JavaThread "Execution worker for ':' Thread 10" [_thread_blocked, id=16480, stack(0x0000000028970000,0x0000000028a70000)]
  0x000000002182c000 JavaThread "Execution worker for ':' Thread 9" [_thread_blocked, id=12004, stack(0x0000000028870000,0x0000000028970000)]
  0x0000000021827000 JavaThread "Execution worker for ':' Thread 8" [_thread_blocked, id=8944, stack(0x0000000028770000,0x0000000028870000)]
  0x0000000021822000 JavaThread "Execution worker for ':' Thread 7" [_thread_blocked, id=8392, stack(0x0000000028670000,0x0000000028770000)]
  0x0000000021828800 JavaThread "Execution worker for ':' Thread 6" [_thread_blocked, id=16424, stack(0x0000000028570000,0x0000000028670000)]
  0x000000002181f800 JavaThread "Execution worker for ':' Thread 5" [_thread_blocked, id=9836, stack(0x0000000028470000,0x0000000028570000)]
  0x0000000021826800 JavaThread "Execution worker for ':' Thread 4" [_thread_blocked, id=17328, stack(0x0000000028370000,0x0000000028470000)]
  0x0000000021824000 JavaThread "Execution worker for ':' Thread 3" [_thread_blocked, id=11964, stack(0x0000000028160000,0x0000000028260000)]
  0x0000000021825000 JavaThread "Execution worker for ':' Thread 2" [_thread_blocked, id=11552, stack(0x0000000028060000,0x0000000028160000)]
  0x0000000021822800 JavaThread "Execution worker for ':'" [_thread_blocked, id=10660, stack(0x0000000027f60000,0x0000000028060000)]
  0x000000002181f000 JavaThread "Cache worker for file content cache (C:\Users\Luis Angel\Documents\AndroidStudioProjects\EjemploRest\.gradle\5.4.1\fileContent)" [_thread_blocked, id=13928, stack(0x0000000027c60000,0x0000000027d60000)]
  0x0000000021823800 JavaThread "Cache worker for file content cache (C:\Users\Luis Angel\.gradle\caches\5.4.1\fileContent)" [_thread_blocked, id=16444, stack(0x00000000268f0000,0x00000000269f0000)]
  0x0000000021821000 JavaThread "Cache worker for Build Output Cleanup Cache (C:\Users\Luis Angel\Documents\AndroidStudioProjects\EjemploRest\.gradle\buildOutputCleanup)" [_thread_blocked, id=6980, stack(0x0000000026550000,0x0000000026650000)]
  0x000000001e5ae000 JavaThread "Build operations Thread 12" [_thread_blocked, id=4916, stack(0x0000000025750000,0x0000000025850000)]
  0x000000001e5ad800 JavaThread "Build operations Thread 11" [_thread_blocked, id=3708, stack(0x0000000024050000,0x0000000024150000)]
  0x000000001e5af000 JavaThread "Build operations Thread 10" [_thread_blocked, id=13872, stack(0x0000000023f50000,0x0000000024050000)]
  0x000000001e5ac800 JavaThread "Build operations Thread 9" [_thread_blocked, id=15816, stack(0x0000000023e50000,0x0000000023f50000)]
  0x000000001e5a5000 JavaThread "Build operations Thread 8" [_thread_blocked, id=3744, stack(0x0000000023d50000,0x0000000023e50000)]
  0x000000001e5ab000 JavaThread "Build operations Thread 7" [_thread_blocked, id=16880, stack(0x0000000023c50000,0x0000000023d50000)]
  0x000000001e5aa800 JavaThread "Build operations Thread 6" [_thread_blocked, id=4000, stack(0x0000000023b50000,0x0000000023c50000)]
  0x000000001e5a5800 JavaThread "Build operations Thread 5" [_thread_blocked, id=15928, stack(0x0000000023a50000,0x0000000023b50000)]
  0x000000001e5a9800 JavaThread "Build operations Thread 4" [_thread_blocked, id=12468, stack(0x0000000023950000,0x0000000023a50000)]
  0x000000001e5a9000 JavaThread "Build operations Thread 3" [_thread_blocked, id=12104, stack(0x0000000023850000,0x0000000023950000)]
  0x000000001e5ac000 JavaThread "Build operations Thread 2" [_thread_blocked, id=12996, stack(0x0000000023750000,0x0000000023850000)]
  0x000000001e5a2800 JavaThread "Build operations" [_thread_blocked, id=10544, stack(0x0000000023650000,0x0000000023750000)]
  0x000000001e5a2000 JavaThread "Cache worker for cache directory md-rule (C:\Users\Luis Angel\.gradle\caches\5.4.1\md-rule)" [_thread_blocked, id=11688, stack(0x0000000023550000,0x0000000023650000)]
  0x000000001e5a3800 JavaThread "Cache worker for cache directory md-supplier (C:\Users\Luis Angel\.gradle\caches\5.4.1\md-supplier)" [_thread_blocked, id=12016, stack(0x0000000021f70000,0x0000000022070000)]
  0x000000001e5a4000 JavaThread "Cache worker for file hash cache (C:\Users\Luis Angel\Documents\AndroidStudioProjects\EjemploRest\.gradle\5.4.1\fileHashes)" [_thread_blocked, id=10396, stack(0x0000000021e70000,0x0000000021f70000)]
  0x000000001e5a1000 JavaThread "Thread-82" [_thread_blocked, id=12504, stack(0x000000001f3d0000,0x000000001f4d0000)]
  0x000000001e5a6800 JavaThread "Stdin handler" [_thread_blocked, id=14328, stack(0x000000001dc00000,0x000000001dd00000)]
  0x000000001e5a8000 JavaThread "Asynchronous log dispatcher for DefaultDaemonConnection: socket connection from /127.0.0.1:52533 to /127.0.0.1:52811" [_thread_blocked, id=12012, stack(0x000000001d900000,0x000000001da00000)]
  0x000000001e5a0800 JavaThread "Daemon worker Thread 3" [_thread_blocked, id=3868, stack(0x000000001d700000,0x000000001d800000)]
  0x000000001b09a000 JavaThread "Cancel handler" [_thread_blocked, id=13144, stack(0x000000001d400000,0x000000001d500000)]
  0x000000001b09b800 JavaThread "Handler for socket connection from /127.0.0.1:52533 to /127.0.0.1:52811" [_thread_in_native, id=10444, stack(0x000000001d300000,0x000000001d400000)]
  0x000000001b097000 JavaThread "Daemon Thread 3" [_thread_blocked, id=15964, stack(0x0000000000fa0000,0x00000000010a0000)]
  0x000000002182a000 JavaThread "Memory manager" [_thread_blocked, id=6420, stack(0x0000000026250000,0x0000000026350000)]
  0x0000000021825800 JavaThread "Cache worker for execution history cache (C:\Users\Luis Angel\.gradle\caches\5.4.1\executionHistory)" [_thread_blocked, id=6536, stack(0x0000000022270000,0x0000000022370000)]
  0x000000001b096800 JavaThread "Cache worker for journal cache (C:\Users\Luis Angel\.gradle\caches\journal-1)" [_thread_blocked, id=14060, stack(0x000000001df00000,0x000000001e000000)]
  0x000000001bdc4800 JavaThread "File lock request listener" [_thread_in_native, id=10656, stack(0x000000001de00000,0x000000001df00000)]
  0x000000001bcb9800 JavaThread "Cache worker for file hash cache (C:\Users\Luis Angel\.gradle\caches\5.4.1\fileHashes)" [_thread_blocked, id=12708, stack(0x000000001dd00000,0x000000001de00000)]
  0x000000001bf86800 JavaThread "Daemon periodic checks" [_thread_blocked, id=14032, stack(0x000000001d200000,0x000000001d300000)]
  0x000000001bf85800 JavaThread "Incoming local TCP Connector on port 52533" [_thread_in_native, id=3532, stack(0x000000001c920000,0x000000001ca20000)]
  0x000000001bb53000 JavaThread "Daemon health stats" [_thread_blocked, id=13652, stack(0x000000001ca50000,0x000000001cb50000)]
  0x000000001858b800 JavaThread "Service Thread" daemon [_thread_blocked, id=11132, stack(0x0000000019f80000,0x000000001a080000)]
  0x0000000018511800 JavaThread "C1 CompilerThread3" daemon [_thread_in_vm, id=10272, stack(0x0000000019e80000,0x0000000019f80000)]
  0x000000001850f800 JavaThread "C2 CompilerThread2" daemon [_thread_in_native, id=13948, stack(0x0000000019d80000,0x0000000019e80000)]
=>0x0000000018501000 JavaThread "C2 CompilerThread1" daemon [_thread_in_native, id=1964, stack(0x0000000019c80000,0x0000000019d80000)]
  0x00000000184f9000 JavaThread "C2 CompilerThread0" daemon [_thread_in_native, id=7740, stack(0x0000000019b80000,0x0000000019c80000)]
  0x00000000184f7000 JavaThread "Attach Listener" daemon [_thread_blocked, id=15936, stack(0x0000000019a80000,0x0000000019b80000)]
  0x0000000018507800 JavaThread "Signal Dispatcher" daemon [_thread_blocked, id=1836, stack(0x0000000019980000,0x0000000019a80000)]
  0x0000000002e6a000 JavaThread "Finalizer" daemon [_thread_blocked, id=13416, stack(0x0000000019760000,0x0000000019860000)]
  0x00000000184f3000 JavaThread "Reference Handler" daemon [_thread_blocked, id=1516, stack(0x0000000019660000,0x0000000019760000)]
  0x0000000002d72800 JavaThread "main" [_thread_blocked, id=14740, stack(0x0000000002be0000,0x0000000002ce0000)]

Other Threads:
  0x00000000184d2800 VMThread [stack: 0x0000000019560000,0x0000000019660000] [id=16032]
  0x0000000018595000 WatcherThread [stack: 0x000000001a080000,0x000000001a180000] [id=5904]

VM state:not at safepoint (normal execution)

VM Mutex/Monitor currently owned by a thread:  ([mutex/lock_event])
[0x0000000002d6ca70] CodeCache_lock - owner thread: 0x0000000000000000

heap address: 0x00000000a0000000, size: 1536 MB, Compressed Oops mode: 32-bit
Narrow klass base: 0x0000000000000000, Narrow klass shift: 3
Compressed class space size: 1073741824 Address: 0x0000000100000000

Heap:
 PSYoungGen      total 136192K, used 48173K [0x00000000e0000000, 0x00000000e9d00000, 0x0000000100000000)
  eden space 116736K, 41% used [0x00000000e0000000,0x00000000e2f0b5a0,0x00000000e7200000)
  from space 19456K, 0% used [0x00000000e8a00000,0x00000000e8a00000,0x00000000e9d00000)
  to   space 22016K, 0% used [0x00000000e7200000,0x00000000e7200000,0x00000000e8780000)
 ParOldGen       total 225280K, used 60699K [0x00000000a0000000, 0x00000000adc00000, 0x00000000e0000000)
  object space 225280K, 26% used [0x00000000a0000000,0x00000000a3b46fc8,0x00000000adc00000)
 Metaspace       used 97835K, capacity 102534K, committed 102732K, reserved 1138688K
  class space    used 12723K, capacity 13611K, committed 13696K, reserved 1048576K

Card table byte_map: [0x0000000012230000,0x0000000012540000] byte_map_base: 0x0000000011d30000

Marking Bits: (ParMarkBitMap*) 0x000000006b629f30
 Begin Bits: [0x0000000013140000, 0x0000000014940000)
 End Bits:   [0x0000000014940000, 0x0000000016140000)

Polling page: 0x0000000000e80000

CodeCache: size=245760Kb used=37069Kb max_used=37069Kb free=208690Kb
 bounds [0x0000000002e70000, 0x00000000052d0000, 0x0000000011e70000]
 total_blobs=12337 nmethods=11481 adapters=763
 compilation: enabled

Compilation events (10 events):
Event: 604.957 Thread 0x0000000018511800 nmethod 13450 0x00000000052c15d0 code [0x00000000052c1760, 0x00000000052c1b68]
Event: 604.958 Thread 0x0000000018511800 13452       3       com.android.tools.r8.n.a.a.a.h.H0$b::next (13 bytes)
Event: 604.958 Thread 0x0000000018511800 nmethod 13452 0x00000000052c1d10 code [0x00000000052c1e80, 0x00000000052c20c8]
Event: 604.958 Thread 0x0000000018511800 13444       3       com.android.tools.r8.graph.DexString::compareTo (9 bytes)
Event: 604.958 Thread 0x0000000018511800 nmethod 13444 0x00000000052c21d0 code [0x00000000052c2340, 0x00000000052c2728]
Event: 604.958 Thread 0x0000000018511800 13028       1       com.android.tools.r8.ir.code.Instruction::G0 (2 bytes)
Event: 604.958 Thread 0x0000000018511800 nmethod 13028 0x00000000052c2850 code [0x00000000052c29a0, 0x00000000052c2ab0]
Event: 604.958 Thread 0x0000000018511800 13448       3       com.android.tools.r8.ir.code.Value::I (36 bytes)
Event: 604.959 Thread 0x0000000018511800 nmethod 13448 0x00000000052c2b10 code [0x00000000052c2cc0, 0x00000000052c3388]
Event: 604.959 Thread 0x0000000018511800 13446       3       com.android.tools.r8.n.a.a.a.d::a (73 bytes)

GC Heap History (10 events):
Event: 592.597 GC heap before
{Heap before GC invocations=22 (full 3):
 PSYoungGen      total 142848K, used 140606K [0x00000000e0000000, 0x00000000ea200000, 0x0000000100000000)
  eden space 129024K, 100% used [0x00000000e0000000,0x00000000e7e00000,0x00000000e7e00000)
  from space 13824K, 83% used [0x00000000e9480000,0x00000000e9fcf948,0x00000000ea200000)
  to   space 18432K, 0% used [0x00000000e7e00000,0x00000000e7e00000,0x00000000e9000000)
 ParOldGen       total 142336K, used 46403K [0x00000000a0000000, 0x00000000a8b00000, 0x00000000e0000000)
  object space 142336K, 32% used [0x00000000a0000000,0x00000000a2d50fe8,0x00000000a8b00000)
 Metaspace       used 82233K, capacity 85472K, committed 85592K, reserved 1124352K
  class space    used 10637K, capacity 11330K, committed 11392K, reserved 1048576K
Event: 592.612 GC heap after
Heap after GC invocations=22 (full 3):
 PSYoungGen      total 144384K, used 18418K [0x00000000e0000000, 0x00000000ea600000, 0x0000000100000000)
  eden space 125952K, 0% used [0x00000000e0000000,0x00000000e0000000,0x00000000e7b00000)
  from space 18432K, 99% used [0x00000000e7e00000,0x00000000e8ffca40,0x00000000e9000000)
  to   space 22016K, 0% used [0x00000000e9080000,0x00000000e9080000,0x00000000ea600000)
 ParOldGen       total 142336K, used 48698K [0x00000000a0000000, 0x00000000a8b00000, 0x00000000e0000000)
  object space 142336K, 34% used [0x00000000a0000000,0x00000000a2f8e8c0,0x00000000a8b00000)
 Metaspace       used 82233K, capacity 85472K, committed 85592K, reserved 1124352K
  class space    used 10637K, capacity 11330K, committed 11392K, reserved 1048576K
}
Event: 596.117 GC heap before
{Heap before GC invocations=23 (full 3):
 PSYoungGen      total 144384K, used 144370K [0x00000000e0000000, 0x00000000ea600000, 0x0000000100000000)
  eden space 125952K, 100% used [0x00000000e0000000,0x00000000e7b00000,0x00000000e7b00000)
  from space 18432K, 99% used [0x00000000e7e00000,0x00000000e8ffca40,0x00000000e9000000)
  to   space 22016K, 0% used [0x00000000e9080000,0x00000000e9080000,0x00000000ea600000)
 ParOldGen       total 142336K, used 48698K [0x00000000a0000000, 0x00000000a8b00000, 0x00000000e0000000)
  object space 142336K, 34% used [0x00000000a0000000,0x00000000a2f8e8c0,0x00000000a8b00000)
 Metaspace       used 84077K, capacity 87304K, committed 87640K, reserved 1126400K
  class space    used 10830K, capacity 11538K, committed 11648K, reserved 1048576K
Event: 596.140 GC heap after
Heap after GC invocations=23 (full 3):
 PSYoungGen      total 140800K, used 6109K [0x00000000e0000000, 0x00000000ea200000, 0x0000000100000000)
  eden space 122880K, 0% used [0x00000000e0000000,0x00000000e0000000,0x00000000e7800000)
  from space 17920K, 34% used [0x00000000e9080000,0x00000000e9677658,0x00000000ea200000)
  to   space 21504K, 0% used [0x00000000e7800000,0x00000000e7800000,0x00000000e8d00000)
 ParOldGen       total 142336K, used 66226K [0x00000000a0000000, 0x00000000a8b00000, 0x00000000e0000000)
  object space 142336K, 46% used [0x00000000a0000000,0x00000000a40acad8,0x00000000a8b00000)
 Metaspace       used 84077K, capacity 87304K, committed 87640K, reserved 1126400K
  class space    used 10830K, capacity 11538K, committed 11648K, reserved 1048576K
}
Event: 602.598 GC heap before
{Heap before GC invocations=24 (full 3):
 PSYoungGen      total 140800K, used 128989K [0x00000000e0000000, 0x00000000ea200000, 0x0000000100000000)
  eden space 122880K, 100% used [0x00000000e0000000,0x00000000e7800000,0x00000000e7800000)
  from space 17920K, 34% used [0x00000000e9080000,0x00000000e9677658,0x00000000ea200000)
  to   space 21504K, 0% used [0x00000000e7800000,0x00000000e7800000,0x00000000e8d00000)
 ParOldGen       total 142336K, used 66226K [0x00000000a0000000, 0x00000000a8b00000, 0x00000000e0000000)
  object space 142336K, 46% used [0x00000000a0000000,0x00000000a40acad8,0x00000000a8b00000)
 Metaspace       used 91006K, capacity 94438K, committed 94552K, reserved 1132544K
  class space    used 11641K, capacity 12369K, committed 12416K, reserved 1048576K
Event: 602.618 GC heap after
Heap after GC invocations=24 (full 3):
 PSYoungGen      total 133120K, used 13190K [0x00000000e0000000, 0x00000000e9f00000, 0x0000000100000000)
  eden space 119808K, 0% used [0x00000000e0000000,0x00000000e0000000,0x00000000e7500000)
  from space 13312K, 99% used [0x00000000e7800000,0x00000000e84e1950,0x00000000e8500000)
  to   space 21504K, 0% used [0x00000000e8a00000,0x00000000e8a00000,0x00000000e9f00000)
 ParOldGen       total 142336K, used 66242K [0x00000000a0000000, 0x00000000a8b00000, 0x00000000e0000000)
  object space 142336K, 46% used [0x00000000a0000000,0x00000000a40b0ad8,0x00000000a8b00000)
 Metaspace       used 91006K, capacity 94438K, committed 94552K, reserved 1132544K
  class space    used 11641K, capacity 12369K, committed 12416K, reserved 1048576K
}
Event: 603.773 GC heap before
{Heap before GC invocations=25 (full 3):
 PSYoungGen      total 133120K, used 79562K [0x00000000e0000000, 0x00000000e9f00000, 0x0000000100000000)
  eden space 119808K, 55% used [0x00000000e0000000,0x00000000e40d1188,0x00000000e7500000)
  from space 13312K, 99% used [0x00000000e7800000,0x00000000e84e1950,0x00000000e8500000)
  to   space 21504K, 0% used [0x00000000e8a00000,0x00000000e8a00000,0x00000000e9f00000)
 ParOldGen       total 142336K, used 66242K [0x00000000a0000000, 0x00000000a8b00000, 0x00000000e0000000)
  object space 142336K, 46% used [0x00000000a0000000,0x00000000a40b0ad8,0x00000000a8b00000)
 Metaspace       used 94380K, capacity 98204K, committed 98380K, reserved 1134592K
  class space    used 12155K, capacity 12908K, committed 12928K, reserved 1048576K
Event: 603.786 GC heap after
Heap after GC invocations=25 (full 3):
 PSYoungGen      total 136192K, used 14666K [0x00000000e0000000, 0x00000000e9d00000, 0x0000000100000000)
  eden space 116736K, 0% used [0x00000000e0000000,0x00000000e0000000,0x00000000e7200000)
  from space 19456K, 75% used [0x00000000e8a00000,0x00000000e9852880,0x00000000e9d00000)
  to   space 22016K, 0% used [0x00000000e7200000,0x00000000e7200000,0x00000000e8780000)
 ParOldGen       total 142336K, used 66250K [0x00000000a0000000, 0x00000000a8b00000, 0x00000000e0000000)
  object space 142336K, 46% used [0x00000000a0000000,0x00000000a40b2ad8,0x00000000a8b00000)
 Metaspace       used 94380K, capacity 98204K, committed 98380K, reserved 1134592K
  class space    used 12155K, capacity 12908K, committed 12928K, reserved 1048576K
}
Event: 603.786 GC heap before
{Heap before GC invocations=26 (full 4):
 PSYoungGen      total 136192K, used 14666K [0x00000000e0000000, 0x00000000e9d00000, 0x0000000100000000)
  eden space 116736K, 0% used [0x00000000e0000000,0x00000000e0000000,0x00000000e7200000)
  from space 19456K, 75% used [0x00000000e8a00000,0x00000000e9852880,0x00000000e9d00000)
  to   space 22016K, 0% used [0x00000000e7200000,0x00000000e7200000,0x00000000e8780000)
 ParOldGen       total 142336K, used 66250K [0x00000000a0000000, 0x00000000a8b00000, 0x00000000e0000000)
  object space 142336K, 46% used [0x00000000a0000000,0x00000000a40b2ad8,0x00000000a8b00000)
 Metaspace       used 94380K, capacity 98204K, committed 98380K, reserved 1134592K
  class space    used 12155K, capacity 12908K, committed 12928K, reserved 1048576K
Event: 604.041 GC heap after
Heap after GC invocations=26 (full 4):
 PSYoungGen      total 136192K, used 0K [0x00000000e0000000, 0x00000000e9d00000, 0x0000000100000000)
  eden space 116736K, 0% used [0x00000000e0000000,0x00000000e0000000,0x00000000e7200000)
  from space 19456K, 0% used [0x00000000e8a00000,0x00000000e8a00000,0x00000000e9d00000)
  to   space 22016K, 0% used [0x00000000e7200000,0x00000000e7200000,0x00000000e8780000)
 ParOldGen       total 225280K, used 60699K [0x00000000a0000000, 0x00000000adc00000, 0x00000000e0000000)
  object space 225280K, 26% used [0x00000000a0000000,0x00000000a3b46fc8,0x00000000adc00000)
 Metaspace       used 94067K, capacity 97344K, committed 98380K, reserved 1134592K
  class space    used 12051K, capacity 12726K, committed 12928K, reserved 1048576K
}

Deoptimization events (10 events):
Event: 604.893 Thread 0x000000001c73a800 Uncommon trap: reason=unstable_if action=reinterpret pc=0x000000000526f8fc method=java.util.IdentityHashMap.containsKey(Ljava/lang/Object;)Z @ 31
Event: 604.893 Thread 0x000000001c73b800 Uncommon trap: reason=unstable_if action=reinterpret pc=0x000000000526f8fc method=java.util.IdentityHashMap.containsKey(Ljava/lang/Object;)Z @ 31
Event: 604.893 Thread 0x000000001c2c6000 Uncommon trap: reason=unstable_if action=reinterpret pc=0x000000000526f8fc method=java.util.IdentityHashMap.containsKey(Ljava/lang/Object;)Z @ 31
Event: 604.893 Thread 0x000000001c73d800 Uncommon trap: reason=unstable_if action=reinterpret pc=0x000000000526f8fc method=java.util.IdentityHashMap.containsKey(Ljava/lang/Object;)Z @ 31
Event: 604.899 Thread 0x000000001c73c000 Uncommon trap: reason=unstable_if action=reinterpret pc=0x000000000524b24c method=com.android.tools.r8.ir.conversion.N.d(Lcom/android/tools/r8/t/a/a/G/a;)Ljava/util/List; @ 54
Event: 604.899 Thread 0x000000001c73c000 Uncommon trap: reason=unstable_if action=reinterpret pc=0x000000000520e9a0 method=com.android.tools.r8.ir.conversion.N.b(Lcom/android/tools/r8/t/a/a/G/a;)Z @ 240
Event: 604.921 Thread 0x000000001c736000 Uncommon trap: reason=array_check action=maybe_recompile pc=0x0000000005269e64 method=java.util.TimSort.binarySort([Ljava/lang/Object;IIILjava/util/Comparator;)V @ 215
Event: 604.921 Thread 0x000000001c736000 Uncommon trap: reason=array_check action=maybe_recompile pc=0x0000000005269e64 method=java.util.TimSort.binarySort([Ljava/lang/Object;IIILjava/util/Comparator;)V @ 215
Event: 604.929 Thread 0x000000001c73c000 Uncommon trap: reason=unstable_if action=reinterpret pc=0x000000000520dcf8 method=com.android.tools.r8.ir.code.B.hasNext()Z @ 21
Event: 604.929 Thread 0x000000001c73c000 Uncommon trap: reason=unstable_if action=reinterpret pc=0x000000000520ac68 method=com.android.tools.r8.ir.code.B.next()Ljava/lang/Object; @ 9

Classes redefined (0 events):
No events

Internal exceptions (10 events):
Event: 604.948 Thread 0x000000001c73a800 Exception <a 'sun/nio/fs/WindowsException'> (0x00000000e24722a8) thrown at [D:\src\AOSP-openjdk-cygwin\jdk8u\hotspot\src\share\vm\prims\jni.cpp, line 710]
Event: 604.950 Thread 0x000000001c2c6000 Exception <a 'sun/nio/fs/WindowsException'> (0x00000000e233f470) thrown at [D:\src\AOSP-openjdk-cygwin\jdk8u\hotspot\src\share\vm\prims\jni.cpp, line 710]
Event: 604.950 Thread 0x000000001c73b800 Exception <a 'sun/nio/fs/WindowsException'> (0x00000000e2520738) thrown at [D:\src\AOSP-openjdk-cygwin\jdk8u\hotspot\src\share\vm\prims\jni.cpp, line 710]
Event: 604.951 Thread 0x000000001c73a800 Exception <a 'sun/nio/fs/WindowsException'> (0x00000000e27634d0) thrown at [D:\src\AOSP-openjdk-cygwin\jdk8u\hotspot\src\share\vm\prims\jni.cpp, line 710]
Event: 604.953 Thread 0x000000001c73b800 Exception <a 'sun/nio/fs/WindowsException'> (0x00000000e25270c0) thrown at [D:\src\AOSP-openjdk-cygwin\jdk8u\hotspot\src\share\vm\prims\jni.cpp, line 710]
Event: 604.954 Thread 0x000000001c2c6000 Exception <a 'sun/nio/fs/WindowsException'> (0x00000000e2348620) thrown at [D:\src\AOSP-openjdk-cygwin\jdk8u\hotspot\src\share\vm\prims\jni.cpp, line 710]
Event: 604.956 Thread 0x000000001c73b800 Exception <a 'sun/nio/fs/WindowsException'> (0x00000000e2839d10) thrown at [D:\src\AOSP-openjdk-cygwin\jdk8u\hotspot\src\share\vm\prims\jni.cpp, line 710]
Event: 604.956 Thread 0x000000001c73d800 Exception <a 'sun/nio/fs/WindowsException'> (0x00000000e2426720) thrown at [D:\src\AOSP-openjdk-cygwin\jdk8u\hotspot\src\share\vm\prims\jni.cpp, line 710]
Event: 604.956 Thread 0x000000001c73a800 Exception <a 'sun/nio/fs/WindowsException'> (0x00000000e276b030) thrown at [D:\src\AOSP-openjdk-cygwin\jdk8u\hotspot\src\share\vm\prims\jni.cpp, line 710]
Event: 604.958 Thread 0x000000001c2c6000 Exception <a 'sun/nio/fs/WindowsException'> (0x00000000e29a4790) thrown at [D:\src\AOSP-openjdk-cygwin\jdk8u\hotspot\src\share\vm\prims\jni.cpp, line 710]

Events (10 events):
Event: 604.937 loading class com/android/tools/r8/m/a/a/b/i0$a
Event: 604.937 loading class com/android/tools/r8/m/a/a/b/i0$a done
Event: 604.939 loading class com/android/tools/r8/ir/analysis/a
Event: 604.940 loading class com/android/tools/r8/ir/analysis/a done
Event: 604.947 loading class com/android/tools/r8/ir/code/k
Event: 604.947 loading class com/android/tools/r8/ir/code/k done
Event: 604.958 loading class com/android/tools/r8/ir/code/BasicBlock
Event: 604.958 loading class com/android/tools/r8/ir/code/BasicBlock done
Event: 604.958 loading class com/android/tools/r8/utils/ListUtils
Event: 604.958 loading class com/android/tools/r8/utils/ListUtils done


Dynamic libraries:
0x00007ff6edcf0000 - 0x00007ff6edd21000 	C:\Program Files\Android\Android Studio\jre\bin\java.exe
0x00007ffebecc0000 - 0x00007ffebeeb0000 	C:\WINDOWS\SYSTEM32\ntdll.dll
0x00007ffebda90000 - 0x00007ffebdb42000 	C:\WINDOWS\System32\KERNEL32.DLL
0x00007ffebc9f0000 - 0x00007ffebcc93000 	C:\WINDOWS\System32\KERNELBASE.dll
0x00007ffebe180000 - 0x00007ffebe223000 	C:\WINDOWS\System32\ADVAPI32.dll
0x00007ffebd320000 - 0x00007ffebd3be000 	C:\WINDOWS\System32\msvcrt.dll
0x00007ffebd570000 - 0x00007ffebd607000 	C:\WINDOWS\System32\sechost.dll
0x00007ffebd610000 - 0x00007ffebd730000 	C:\WINDOWS\System32\RPCRT4.dll
0x00007ffebd880000 - 0x00007ffebda14000 	C:\WINDOWS\System32\USER32.dll
0x00007ffebc7c0000 - 0x00007ffebc7e1000 	C:\WINDOWS\System32\win32u.dll
0x00007ffebdc70000 - 0x00007ffebdc96000 	C:\WINDOWS\System32\GDI32.dll
0x00007ffebc4d0000 - 0x00007ffebc664000 	C:\WINDOWS\System32\gdi32full.dll
0x00007ffebc670000 - 0x00007ffebc70e000 	C:\WINDOWS\System32\msvcp_win.dll
0x00007ffebc3d0000 - 0x00007ffebc4ca000 	C:\WINDOWS\System32\ucrtbase.dll
0x00007ffea6cd0000 - 0x00007ffea6f55000 	C:\WINDOWS\WinSxS\amd64_microsoft.windows.common-controls_6595b64144ccf1df_6.0.18362.476_none_e6c4b11b130f2595\COMCTL32.dll
0x00007ffebde40000 - 0x00007ffebe176000 	C:\WINDOWS\System32\combase.dll
0x00007ffebcca0000 - 0x00007ffebcd20000 	C:\WINDOWS\System32\bcryptPrimitives.dll
0x00007ffebdb50000 - 0x00007ffebdb7e000 	C:\WINDOWS\System32\IMM32.DLL
0x000000006eac0000 - 0x000000006eb92000 	C:\Program Files\Android\Android Studio\jre\jre\bin\msvcr100.dll
0x000000006ae60000 - 0x000000006b6a6000 	C:\Program Files\Android\Android Studio\jre\jre\bin\server\jvm.dll
0x00007ffebd240000 - 0x00007ffebd248000 	C:\WINDOWS\System32\PSAPI.DLL
0x00007ffe8e1a0000 - 0x00007ffe8e1a9000 	C:\WINDOWS\SYSTEM32\WSOCK32.dll
0x00007ffebda20000 - 0x00007ffebda8f000 	C:\WINDOWS\System32\WS2_32.dll
0x00007ffeb8410000 - 0x00007ffeb8434000 	C:\WINDOWS\SYSTEM32\WINMM.dll
0x00007ffeb4720000 - 0x00007ffeb472a000 	C:\WINDOWS\SYSTEM32\VERSION.dll
0x00007ffeb83e0000 - 0x00007ffeb840d000 	C:\WINDOWS\SYSTEM32\winmmbase.dll
0x00007ffebcd20000 - 0x00007ffebcd6a000 	C:\WINDOWS\System32\cfgmgr32.dll
0x00007ffeb48a0000 - 0x00007ffeb48af000 	C:\Program Files\Android\Android Studio\jre\jre\bin\verify.dll
0x00007ffeafed0000 - 0x00007ffeafef9000 	C:\Program Files\Android\Android Studio\jre\jre\bin\java.dll
0x00007ffeafeb0000 - 0x00007ffeafec6000 	C:\Program Files\Android\Android Studio\jre\jre\bin\zip.dll
0x00007ffebe440000 - 0x00007ffebeb25000 	C:\WINDOWS\System32\SHELL32.dll
0x00007ffebdd80000 - 0x00007ffebde29000 	C:\WINDOWS\System32\shcore.dll
0x00007ffebbc50000 - 0x00007ffebc3ce000 	C:\WINDOWS\System32\windows.storage.dll
0x00007ffebbba0000 - 0x00007ffebbbbf000 	C:\WINDOWS\System32\profapi.dll
0x00007ffebbc00000 - 0x00007ffebbc4a000 	C:\WINDOWS\System32\powrprof.dll
0x00007ffebbb90000 - 0x00007ffebbba0000 	C:\WINDOWS\System32\UMPDC.dll
0x00007ffebdd20000 - 0x00007ffebdd72000 	C:\WINDOWS\System32\shlwapi.dll
0x00007ffebbbe0000 - 0x00007ffebbbf1000 	C:\WINDOWS\System32\kernel.appcore.dll
0x00007ffebc7f0000 - 0x00007ffebc807000 	C:\WINDOWS\System32\cryptsp.dll
0x00007ffeafe90000 - 0x00007ffeafeaa000 	C:\Program Files\Android\Android Studio\jre\jre\bin\net.dll
0x00007ffebb400000 - 0x00007ffebb467000 	C:\WINDOWS\system32\mswsock.dll
0x00007ffeafe70000 - 0x00007ffeafe81000 	C:\Program Files\Android\Android Studio\jre\jre\bin\nio.dll
0x00007ffeafd80000 - 0x00007ffeafda6000 	C:\Users\Luis Angel\.gradle\native\29\windows-amd64\native-platform.dll
0x00007ffeb0240000 - 0x00007ffeb024d000 	C:\Program Files\Android\Android Studio\jre\jre\bin\management.dll
0x00007ffebaf70000 - 0x00007ffebafa3000 	C:\WINDOWS\system32\rsaenh.dll
0x00007ffebc810000 - 0x00007ffebc836000 	C:\WINDOWS\System32\bcrypt.dll
0x00007ffebbab0000 - 0x00007ffebbad5000 	C:\WINDOWS\SYSTEM32\USERENV.dll
0x00007ffebb5d0000 - 0x00007ffebb5dc000 	C:\WINDOWS\SYSTEM32\CRYPTBASE.dll
0x00007ffebb110000 - 0x00007ffebb14a000 	C:\WINDOWS\SYSTEM32\IPHLPAPI.DLL
0x00007ffebde30000 - 0x00007ffebde38000 	C:\WINDOWS\System32\NSI.dll
0x00007ffeb30a0000 - 0x00007ffeb30b6000 	C:\WINDOWS\SYSTEM32\dhcpcsvc6.DLL
0x00007ffeb3110000 - 0x00007ffeb312c000 	C:\WINDOWS\SYSTEM32\dhcpcsvc.DLL
0x00007ffebb150000 - 0x00007ffebb21a000 	C:\WINDOWS\SYSTEM32\DNSAPI.dll

VM Arguments:
jvm_args: -Xmx1536m -Dfile.encoding=windows-1252 -Duser.country=MX -Duser.language=es -Duser.variant 
java_command: org.gradle.launcher.daemon.bootstrap.GradleDaemon 5.4.1
java_class_path (initial): C:\Users\Luis Angel\.gradle\wrapper\dists\gradle-5.4.1-all\3221gyojl5jsh0helicew7rwx\gradle-5.4.1\lib\gradle-launcher-5.4.1.jar
Launcher Type: SUN_STANDARD

Environment Variables:
PATH=C:\ProgramData\Oracle\Java\javapath;C:\Windows\system32;C:\Windows;C:\Windows\System32\Wbem;C:\Windows\System32\WindowsPowerShell\v1.0\;C:\Windows\System32\OpenSSH\;C:\Program Files (x86)\NVIDIA Corporation\PhysX\Common;C:\Program Files\NVIDIA Corporation\NVIDIA NvDLISR;C:\Program Files\nodejs\;C:\Program Files\Git\cmd;C:\WINDOWS\system32;C:\WINDOWS;C:\WINDOWS\System32\Wbem;C:\WINDOWS\System32\WindowsPowerShell\v1.0\;C:\WINDOWS\System32\OpenSSH\;C:\Program Files\Microsoft SQL Server\Client SDK\ODBC\130\Tools\Binn\;C:\Program Files (x86)\Microsoft SQL Server\140\Tools\Binn\;C:\Program Files\Microsoft SQL Server\140\Tools\Binn\;C:\Program Files\Microsoft SQL Server\140\DTS\Binn\;C:\Program Files\dotnet\;C:\Program Files\Microsoft SQL Server\130\Tools\Binn\;C:\Program Files\Microsoft SQL Server\Client SDK\ODBC\170\Tools\Binn\;C:\Program Files (x86)\Gpg4win\..\GnuPG\bin;C:\Users\Luis Angel\AppData\Local\Programs\Python\Python37-32\Scripts\;C:\Users\Luis Angel\AppData\Local\Programs\Python\Python37-32\;C:\Users\Luis Angel\AppData\Local\Microsoft\WindowsApps;C:\Users\Luis Angel\AppData\Local\Programs\Microsoft VS Code\bin;C:\Users\Luis Angel\AppData\Roaming\npm;C:\Program Files\heroku\bin;C:\Users\Luis Angel\.dotnet\tools;C:\OpenSSL-Win64\bin;C:\Program Files (x86)\ngrok;C:\Program Files\Java\jdk1.8.0_111\bin;
USERNAME=Luis Angel
OS=Windows_NT
PROCESSOR_IDENTIFIER=Intel64 Family 6 Model 158 Stepping 10, GenuineIntel



---------------  S Y S T E M  ---------------

OS: Windows 10.0 , 64 bit Build 18362 (10.0.18362.329)

CPU:total 12 (initial active 12) (6 cores per cpu, 2 threads per core) family 6 model 158 stepping 10, cmov, cx8, fxsr, mmx, sse, sse2, sse3, ssse3, sse4.1, sse4.2, popcnt, avx, avx2, aes, clmul, erms, 3dnowpref, lzcnt, ht, tsc, tscinvbit, bmi1, bmi2, adx

Memory: 4k page, physical 8258868k(1334952k free), swap 10208564k(3156k free)

vm_info: OpenJDK 64-Bit Server VM (25.202-b03) for windows-amd64 JRE (1.8.0_202-release-1483-b03), built by "builder" with MS VC++ 10.0 (VS2010)

time: Thu Nov 21 21:05:31 2019
timezone: Hora estándar central (México)
elapsed time: 604 seconds (0d 0h 10m 4s)

